<?xml version="1.0" encoding="UTF-8"?>
<testsuite xmlns:xsi="http://www.w3.org/2001/XMLSchema-instance" xsi:noNamespaceSchemaLocation="https://maven.apache.org/surefire/maven-surefire-plugin/xsd/surefire-test-report.xsd" name="de.manuelclever.theatre.BlockOfAllSeatsTest" time="0.025" tests="1" errors="1" skipped="0" failures="0">
  <properties>
[...]
</properties>
  <testcase name="setSeat{Object[]}" classname="de.manuelclever.theatre.BlockOfAllSeatsTest" time="0.024">
    <error message="/ by zero" type="java.lang.ArithmeticException">java.lang.ArithmeticException: / by zero
	at de.manuelclever.theatre.BlockOfAllSeatsTest.randomSeat(BlockOfAllSeatsTest.java:35)
	at de.manuelclever.theatre.BlockOfAllSeatsTest.setSeats(BlockOfAllSeatsTest.java:17)
</error>
  </testcase>
</testsuite>